La génération a démarré 2015-07-31 16:48:08.
     1>Projet "D:\School_Stuffs\Ship3D\3DShip\3DShip\3DShip.vcxproj" sur le nœud 2 (Build cible(s)).
     1>ClCompile:
         C:\Program Files (x86)\Microsoft Visual Studio 12.0\VC\bin\CL.exe /c /ZI /nologo /W3 /WX- /Od /Oy- /D WIN32 /D _DEBUG /D _WINDOWS /D _MBCS /Gm /EHsc /RTC1 /MDd /GS /fp:precise /Zc:wchar_t /Zc:forScope /Fo"Debug\\" /Fd"Debug\vc120.pdb" /Gd /TP /analyze- /errorReport:prompt Obstacle.cpp
         Obstacle.cpp
         c:\program files (x86)\microsoft directx sdk (june 2010)\include\dinput.h: DIRECTINPUT_VERSION undefined. Defaulting to version 0x0800
     1>cl : Ligne de commande warning D9028: échec de la régénération minimale, passage à la génération normale
       Link:
         C:\Program Files (x86)\Microsoft Visual Studio 12.0\VC\bin\link.exe /ERRORREPORT:PROMPT /OUT:"D:\School_Stuffs\Ship3D\3DShip\Debug\3DShip.exe" /INCREMENTAL /NOLOGO d3d9.lib d3dx9d.lib dxguid.lib dxerr.lib dinput8.lib irrklang.lib kernel32.lib user32.lib gdi32.lib winspool.lib comdlg32.lib advapi32.lib shell32.lib ole32.lib oleaut32.lib uuid.lib odbc32.lib odbccp32.lib /MANIFEST /MANIFESTUAC:"level='asInvoker' uiAccess='false'" /manifest:embed /DEBUG /PDB:"D:\School_Stuffs\Ship3D\3DShip\Debug\3DShip.pdb" /SUBSYSTEM:WINDOWS /TLBID:1 /DYNAMICBASE /NXCOMPAT /IMPLIB:"D:\School_Stuffs\Ship3D\3DShip\Debug\3DShip.lib" /MACHINE:X86 Debug\BoxCollider.obj
         Debug\Collider3D.obj
         Debug\Obstacle.obj
         Debug\Ship.obj
         Debug\ShipRace.obj
         Debug\Source.obj
         Debug\Score.obj
         Debug\Tunnel.obj
         D:\School_Stuffs\Ship3D\3DShip\Debug\App.lib
         D:\School_Stuffs\Ship3D\3DShip\Debug\Core.lib
     1>BoxCollider.obj : warning LNK4075: ' /EDITANDCONTINUE' ignoré à cause de la spécification '/OPT:LBR'
     1>App.lib(App.obj) : warning LNK4099: PDB 'vc120.pdb' n'a pu être trouvé avec 'App.lib(App.obj)' ou sur 'D:\School_Stuffs\Ship3D\3DShip\Debug\vc120.pdb' ; l'objet sera lié sans informations de débogage
     1>App.lib(DirectInput.obj) : warning LNK4099: PDB 'vc120.pdb' n'a pu être trouvé avec 'App.lib(DirectInput.obj)' ou sur 'D:\School_Stuffs\Ship3D\3DShip\Debug\vc120.pdb' ; l'objet sera lié sans informations de débogage
     1>App.lib(GameTimer.obj) : warning LNK4099: PDB 'vc120.pdb' n'a pu être trouvé avec 'App.lib(GameTimer.obj)' ou sur 'D:\School_Stuffs\Ship3D\3DShip\Debug\vc120.pdb' ; l'objet sera lié sans informations de débogage
     1>Core.lib(Camera.obj) : warning LNK4099: PDB 'vc120.pdb' n'a pu être trouvé avec 'Core.lib(Camera.obj)' ou sur 'D:\School_Stuffs\Ship3D\3DShip\Debug\vc120.pdb' ; l'objet sera lié sans informations de débogage
     1>Core.lib(Component.obj) : warning LNK4099: PDB 'vc120.pdb' n'a pu être trouvé avec 'Core.lib(Component.obj)' ou sur 'D:\School_Stuffs\Ship3D\3DShip\Debug\vc120.pdb' ; l'objet sera lié sans informations de débogage
     1>Core.lib(Engine.obj) : warning LNK4099: PDB 'vc120.pdb' n'a pu être trouvé avec 'Core.lib(Engine.obj)' ou sur 'D:\School_Stuffs\Ship3D\3DShip\Debug\vc120.pdb' ; l'objet sera lié sans informations de débogage
     1>Core.lib(Model.obj) : warning LNK4099: PDB 'vc120.pdb' n'a pu être trouvé avec 'Core.lib(Model.obj)' ou sur 'D:\School_Stuffs\Ship3D\3DShip\Debug\vc120.pdb' ; l'objet sera lié sans informations de débogage
     1>Core.lib(PrimitiveModel.obj) : warning LNK4099: PDB 'vc120.pdb' n'a pu être trouvé avec 'Core.lib(PrimitiveModel.obj)' ou sur 'D:\School_Stuffs\Ship3D\3DShip\Debug\vc120.pdb' ; l'objet sera lié sans informations de débogage
     1>Core.lib(Sprite.obj) : warning LNK4099: PDB 'vc120.pdb' n'a pu être trouvé avec 'Core.lib(Sprite.obj)' ou sur 'D:\School_Stuffs\Ship3D\3DShip\Debug\vc120.pdb' ; l'objet sera lié sans informations de débogage
     1>Core.lib(Vertex.obj) : warning LNK4099: PDB 'vc120.pdb' n'a pu être trouvé avec 'Core.lib(Vertex.obj)' ou sur 'D:\School_Stuffs\Ship3D\3DShip\Debug\vc120.pdb' ; l'objet sera lié sans informations de débogage
         3DShip.vcxproj -> D:\School_Stuffs\Ship3D\3DShip\Debug\3DShip.exe
     1>Génération du projet "D:\School_Stuffs\Ship3D\3DShip\3DShip\3DShip.vcxproj" terminée (Build cible(s)).

La génération a réussi.

Temps écoulé 00:00:01.56
